current directory: /Users/labern/Developer/Rails/rails-8-has-many/path/ruby/3.3.0/gems/date-3.4.0/ext/date
/Users/labern/.rbenv/versions/3.3.5/bin/ruby extconf.rb
checking for rb_category_warn()... yes
checking for timezone in time.h with  -Werror... yes
checking for altzone in time.h with  -Werror... no
creating Makefile

current directory: /Users/labern/Developer/Rails/rails-8-has-many/path/ruby/3.3.0/gems/date-3.4.0/ext/date
make DESTDIR\= sitearchdir\=./.gem.20241108-34876-k8x2rl sitelibdir\=./.gem.20241108-34876-k8x2rl clean

current directory: /Users/labern/Developer/Rails/rails-8-has-many/path/ruby/3.3.0/gems/date-3.4.0/ext/date
make DESTDIR\= sitearchdir\=./.gem.20241108-34876-k8x2rl sitelibdir\=./.gem.20241108-34876-k8x2rl
compiling date_core.c
compiling date_parse.c
compiling date_strftime.c
compiling date_strptime.c
linking shared-object date_core.bundle

current directory: /Users/labern/Developer/Rails/rails-8-has-many/path/ruby/3.3.0/gems/date-3.4.0/ext/date
make DESTDIR\= sitearchdir\=./.gem.20241108-34876-k8x2rl sitelibdir\=./.gem.20241108-34876-k8x2rl install
/opt/homebrew/bin/ginstall -c -m 0755 date_core.bundle ./.gem.20241108-34876-k8x2rl

current directory: /Users/labern/Developer/Rails/rails-8-has-many/path/ruby/3.3.0/gems/date-3.4.0/ext/date
make DESTDIR\= sitearchdir\=./.gem.20241108-34876-k8x2rl sitelibdir\=./.gem.20241108-34876-k8x2rl clean
