current directory: /Users/labern/Developer/Rails/rails-8-has-many/path/ruby/3.3.0/gems/puma-6.4.3/ext/puma_http11
/Users/labern/.rbenv/versions/3.3.5/bin/ruby extconf.rb
checking for BIO_read() in -llibcrypto... no
checking for BIO_read() in -lcrypto... yes
checking for SSL_CTX_new() in -lssl... yes
checking for openssl/bio.h... yes
checking for DTLS_method() in openssl/ssl.h... yes
checking for SSL_CTX_set_session_cache_mode(NULL, 0) in openssl/ssl.h... yes
checking for TLS_server_method() in openssl/ssl.h... yes
checking for SSL_CTX_set_min_proto_version(NULL, 0) in openssl/ssl.h... yes
checking for X509_STORE_up_ref()... yes
checking for SSL_CTX_set_ecdh_auto(NULL, 0) in openssl/ssl.h... yes
checking for SSL_CTX_set_dh_auto(NULL, 0) in openssl/ssl.h... yes
checking for SSL_get1_peer_certificate() in openssl/ssl.h... yes
checking for Random.bytes... yes
creating Makefile

current directory: /Users/labern/Developer/Rails/rails-8-has-many/path/ruby/3.3.0/gems/puma-6.4.3/ext/puma_http11
make DESTDIR\= sitearchdir\=./.gem.20241108-34876-fpf1ho sitelibdir\=./.gem.20241108-34876-fpf1ho clean

current directory: /Users/labern/Developer/Rails/rails-8-has-many/path/ruby/3.3.0/gems/puma-6.4.3/ext/puma_http11
make DESTDIR\= sitearchdir\=./.gem.20241108-34876-fpf1ho sitelibdir\=./.gem.20241108-34876-fpf1ho
compiling http11_parser.c
compiling mini_ssl.c
compiling puma_http11.c
linking shared-object puma/puma_http11.bundle

current directory: /Users/labern/Developer/Rails/rails-8-has-many/path/ruby/3.3.0/gems/puma-6.4.3/ext/puma_http11
make DESTDIR\= sitearchdir\=./.gem.20241108-34876-fpf1ho sitelibdir\=./.gem.20241108-34876-fpf1ho install
/opt/homebrew/bin/ginstall -c -m 0755 puma_http11.bundle ./.gem.20241108-34876-fpf1ho/puma

current directory: /Users/labern/Developer/Rails/rails-8-has-many/path/ruby/3.3.0/gems/puma-6.4.3/ext/puma_http11
make DESTDIR\= sitearchdir\=./.gem.20241108-34876-fpf1ho sitelibdir\=./.gem.20241108-34876-fpf1ho clean
