current directory: /Users/labern/Developer/Rails/rails-8-has-many/path/ruby/3.3.0/gems/json-2.8.1/ext/json/ext/parser
/Users/labern/.rbenv/versions/3.3.5/bin/ruby extconf.rb
checking for rb_enc_interned_str() in ruby.h... yes
checking for rb_hash_new_capa() in ruby.h... yes
checking for rb_gc_mark_locations() in ruby.h... yes
checking for rb_hash_bulk_insert() in ruby.h... yes
checking for rb_category_warn() in ruby.h... yes
checking for whether -std=c99 is accepted as CFLAGS... yes
creating Makefile

current directory: /Users/labern/Developer/Rails/rails-8-has-many/path/ruby/3.3.0/gems/json-2.8.1/ext/json/ext/parser
make DESTDIR\= sitearchdir\=./.gem.20241108-34876-4b0sll sitelibdir\=./.gem.20241108-34876-4b0sll clean

current directory: /Users/labern/Developer/Rails/rails-8-has-many/path/ruby/3.3.0/gems/json-2.8.1/ext/json/ext/parser
make DESTDIR\= sitearchdir\=./.gem.20241108-34876-4b0sll sitelibdir\=./.gem.20241108-34876-4b0sll
compiling parser.c
linking shared-object json/ext/parser.bundle

current directory: /Users/labern/Developer/Rails/rails-8-has-many/path/ruby/3.3.0/gems/json-2.8.1/ext/json/ext/parser
make DESTDIR\= sitearchdir\=./.gem.20241108-34876-4b0sll sitelibdir\=./.gem.20241108-34876-4b0sll install
/opt/homebrew/bin/ginstall -c -m 0755 parser.bundle ./.gem.20241108-34876-4b0sll/json/ext

current directory: /Users/labern/Developer/Rails/rails-8-has-many/path/ruby/3.3.0/gems/json-2.8.1/ext/json/ext/parser
make DESTDIR\= sitearchdir\=./.gem.20241108-34876-4b0sll sitelibdir\=./.gem.20241108-34876-4b0sll clean
